setting 'ivy.default.settings.dir' to 'jar:file:/Users/atistler/bin/sbt-launch.jar!/org/apache/ivy/core/settings'
setting 'ivy.basedir' to '/Users/atistler/mailproc/src/main/scala/db/.'
setting 'ivy.default.conf.dir' to 'jar:file:/Users/atistler/bin/sbt-launch.jar!/org/apache/ivy/core/settings'
impossible to define new type: class not found: org.apache.ivy.plugins.version.PatternVersionMatcher in [] nor Ivy classloader
impossible to define new type: class not found: org.apache.ivy.plugins.trigger.LogTrigger in [] nor Ivy classloader
impossible to define new type: class not found: org.apache.ivy.plugins.resolver.DualResolver in [] nor Ivy classloader
impossible to define new type: class not found: org.apache.ivy.plugins.resolver.VsftpResolver in [] nor Ivy classloader
impossible to define new type: class not found: org.apache.ivy.plugins.conflict.RegexpConflictManager in [] nor Ivy classloader
impossible to define new type: class not found: org.apache.ivy.plugins.resolver.SshResolver in [] nor Ivy classloader
impossible to define new type: class not found: org.apache.ivy.plugins.resolver.VfsResolver in [] nor Ivy classloader
impossible to define new type: class not found: org.apache.ivy.plugins.signer.bouncycastle.OpenPGPSignatureGenerator in [] nor Ivy classloader
impossible to define new type: class not found: org.apache.ivy.plugins.resolver.SFTPResolver in [] nor Ivy classloader
impossible to define new type: class not found: org.apache.ivy.plugins.resolver.packager.PackagerResolver in [] nor Ivy classloader
impossible to define new type: class not found: org.apache.ivy.ant.AntCallTrigger in [] nor Ivy classloader
impossible to define new type: class not found: org.apache.ivy.plugins.resolver.IvyRepResolver in [] nor Ivy classloader
impossible to define new type: class not found: org.apache.ivy.ant.AntBuildTrigger in [] nor Ivy classloader
impossible to define glob matcher: org.apache.ivy.plugins.matcher.GlobPatternMatcher was not found.
setting 'java.runtime.name' to 'Java(TM) SE Runtime Environment'
setting 'sun.boot.library.path' to '/System/Library/Java/JavaVirtualMachines/1.6.0.jdk/Contents/Libraries'
setting 'java.vm.version' to '20.1-b02-383'
setting 'awt.nativeDoubleBuffering' to 'true'
setting 'gopherProxySet' to 'false'
setting 'mrj.build' to '11A511'
setting 'java.vm.vendor' to 'Apple Inc.'
setting 'java.vendor.url' to 'http://www.apple.com/'
setting 'path.separator' to ':'
setting 'java.vm.name' to 'Java HotSpot(TM) 64-Bit Server VM'
setting 'file.encoding.pkg' to 'sun.io'
setting 'sun.java.launcher' to 'SUN_STANDARD'
setting 'user.country' to 'US'
setting 'sun.os.patch.level' to 'unknown'
setting 'java.vm.specification.name' to 'Java Virtual Machine Specification'
setting 'user.dir' to '/Users/atistler/mailproc/src/main/scala/db'
setting 'java.runtime.version' to '1.6.0_26-b03-383-11A511'
setting 'java.awt.graphicsenv' to 'apple.awt.CGraphicsEnvironment'
setting 'java.endorsed.dirs' to '/System/Library/Java/JavaVirtualMachines/1.6.0.jdk/Contents/Home/lib/endorsed'
setting 'os.arch' to 'x86_64'
setting 'java.io.tmpdir' to '/var/folders/fz/s_2lv6910snczdqzwfk5ww4r0000gn/T/'
setting 'line.separator' to '
'
setting 'java.vm.specification.vendor' to 'Sun Microsystems Inc.'
setting 'os.name' to 'Mac OS X'
setting 'sun.jnu.encoding' to 'MacRoman'
setting 'java.library.path' to '.:/Library/Java/Extensions:/System/Library/Java/Extensions:/usr/lib/java'
setting 'java.specification.name' to 'Java Platform API Specification'
setting 'java.class.version' to '50.0'
setting 'sun.management.compiler' to 'HotSpot 64-Bit Tiered Compilers'
setting 'os.version' to '10.7.1'
setting 'http.nonProxyHosts' to 'local|*.local|169.254/16|*.169.254/16'
setting 'user.home' to '/Users/atistler'
setting 'user.timezone' to 'America/New_York'
setting 'java.awt.printerjob' to 'apple.awt.CPrinterJob'
setting 'file.encoding' to 'MacRoman'
setting 'java.specification.version' to '1.6'
setting 'java.class.path' to '/Users/atistler/bin/sbt-launch.jar'
setting 'user.name' to 'atistler'
setting 'java.vm.specification.version' to '1.0'
setting 'sun.java.command' to '/Users/atistler/bin/sbt-launch.jar'
setting 'java.home' to '/System/Library/Java/JavaVirtualMachines/1.6.0.jdk/Contents/Home'
setting 'sun.arch.data.model' to '64'
setting 'user.language' to 'en'
setting 'java.specification.vendor' to 'Sun Microsystems Inc.'
setting 'awt.toolkit' to 'apple.awt.CToolkit'
setting 'java.vm.info' to 'mixed mode'
setting 'java.version' to '1.6.0_26'
setting 'java.ext.dirs' to '/Library/Java/Extensions:/System/Library/Java/Extensions:/System/Library/Java/JavaVirtualMachines/1.6.0.jdk/Contents/Home/lib/ext'
setting 'sun.boot.class.path' to '/System/Library/Java/JavaVirtualMachines/1.6.0.jdk/Contents/Classes/jsfd.jar:/System/Library/Java/JavaVirtualMachines/1.6.0.jdk/Contents/Classes/classes.jar:/System/Library/Frameworks/JavaVM.framework/Frameworks/JavaRuntimeSupport.framework/Resources/Java/JavaRuntimeSupport.jar:/System/Library/Java/JavaVirtualMachines/1.6.0.jdk/Contents/Classes/ui.jar:/System/Library/Java/JavaVirtualMachines/1.6.0.jdk/Contents/Classes/laf.jar:/System/Library/Java/JavaVirtualMachines/1.6.0.jdk/Contents/Classes/sunrsasign.jar:/System/Library/Java/JavaVirtualMachines/1.6.0.jdk/Contents/Classes/jsse.jar:/System/Library/Java/JavaVirtualMachines/1.6.0.jdk/Contents/Classes/jce.jar:/System/Library/Java/JavaVirtualMachines/1.6.0.jdk/Contents/Classes/charsets.jar'
setting 'java.vendor' to 'Apple Inc.'
setting 'file.separator' to '/'
setting 'java.vendor.url.bug' to 'http://bugreport.apple.com/'
setting 'sun.io.unicode.encoding' to 'UnicodeLittle'
setting 'sun.cpu.endian' to 'little'
setting 'mrj.version' to '1070.1.6.0_26-383'
setting 'socksNonProxyHosts' to 'local|*.local|169.254/16|*.169.254/16'
setting 'ftp.nonProxyHosts' to 'local|*.local|169.254/16|*.169.254/16'
setting 'sun.cpu.isalist' to ''
setting 'ivy.default.ivy.user.dir' to '/Users/atistler/.ivy2'
setting 'ivy.home' to '/Users/atistler/.ivy2'
setting 'ivy.cache.dir' to '/Users/atistler/.ivy2/cache'
no default cache defined: set to /Users/atistler/.ivy2/cache
setting 'ivy.checksums' to 'sha1,md5'
setting 'ivy.basedir' to '/Users/atistler/mailproc/src/main/scala/db/project/boot'
setting 'basedir' to '/Users/atistler/mailproc/src/main/scala/db/project/boot'
setting 'scala' to ''
:: resolving dependencies :: org.scala-tools.sbt#boot-app;1.0
	confs: [default]
	validate = true
	refresh = false
resolving dependencies for configuration 'default'
== resolving dependencies for org.scala-tools.sbt#boot-app;1.0 [default]
loadData of org.scala-tools.sbt#boot-app;1.0 of rootConf=default
== resolving dependencies org.scala-tools.sbt#boot-app;1.0->net.java.dev.jna#jna;3.2.3 [default->default(compile)]
loadData of net.java.dev.jna#jna;3.2.3 of rootConf=default
	using redefined-public to resolve net.java.dev.jna#jna;3.2.3
redefined-public: Checking cache for: dependency: net.java.dev.jna#jna;3.2.3 {default=[default(compile)]}
redefined-public: no namespace defined: using system
	no ivy file in cache for net.java.dev.jna#jna;3.2.3: tried /Users/atistler/.ivy2/cache/net.java.dev.jna/jna/ivy-3.2.3.xml
redefined-public: no latest strategy defined: using default
local: no namespace defined: using system
	no ivy file in cache for net.java.dev.jna#jna;3.2.3: tried /Users/atistler/.ivy2/cache/net.java.dev.jna/jna/ivy-3.2.3.xml
	 trying /Users/atistler/.ivy2/local/net.java.dev.jna/jna/3.2.3/ivys/ivy.xml
		tried /Users/atistler/.ivy2/local/net.java.dev.jna/jna/3.2.3/ivys/ivy.xml
	local: resource not reachable for net.java.dev.jna#jna;3.2.3: res=/Users/atistler/.ivy2/local/net.java.dev.jna/jna/3.2.3/ivys/ivy.xml
	 trying /Users/atistler/.ivy2/local/net.java.dev.jna/jna/3.2.3/jars/jna.jar
		tried /Users/atistler/.ivy2/local/net.java.dev.jna/jna/3.2.3/jars/jna.jar
	local: resource not reachable for net.java.dev.jna#jna;3.2.3: res=/Users/atistler/.ivy2/local/net.java.dev.jna/jna/3.2.3/jars/jna.jar
	local: no ivy file nor artifact found for net.java.dev.jna#jna;3.2.3
Maven2 Local: no namespace defined: using system
	no ivy file in cache for net.java.dev.jna#jna;3.2.3: tried /Users/atistler/.ivy2/cache/net.java.dev.jna/jna/ivy-3.2.3.xml
